E, [2016-03-16T08:59:54.749902 #13191] ERROR -- Kitchen: ------Exception-------
E, [2016-03-16T08:59:54.749998 #13191] ERROR -- Kitchen: Class: Kitchen::UserError
E, [2016-03-16T08:59:54.750035 #13191] ERROR -- Kitchen: Message: Kitchen YAML file /srv/uw-projects/uw-autoscript/bin/.kitchen.yml does not exist.
E, [2016-03-16T08:59:54.750066 #13191] ERROR -- Kitchen: ------Backtrace-------
E, [2016-03-16T08:59:54.750096 #13191] ERROR -- Kitchen: /opt/chefdk/embedded/lib/ruby/gems/2.1.0/gems/test-kitchen-1.5.0/lib/kitchen/loader/yaml.rb:74:in `read'
E, [2016-03-16T08:59:54.750130 #13191] ERROR -- Kitchen: /opt/chefdk/embedded/lib/ruby/gems/2.1.0/gems/test-kitchen-1.5.0/lib/kitchen/config.rb:149:in `data'
E, [2016-03-16T08:59:54.750153 #13191] ERROR -- Kitchen: /opt/chefdk/embedded/lib/ruby/gems/2.1.0/gems/test-kitchen-1.5.0/lib/kitchen/config.rb:128:in `suites'
E, [2016-03-16T08:59:54.750174 #13191] ERROR -- Kitchen: /opt/chefdk/embedded/lib/ruby/gems/2.1.0/gems/test-kitchen-1.5.0/lib/kitchen/config.rb:179:in `filter_instances'
E, [2016-03-16T08:59:54.750210 #13191] ERROR -- Kitchen: /opt/chefdk/embedded/lib/ruby/gems/2.1.0/gems/test-kitchen-1.5.0/lib/kitchen/config.rb:138:in `build_instances'
E, [2016-03-16T08:59:54.750232 #13191] ERROR -- Kitchen: /opt/chefdk/embedded/lib/ruby/gems/2.1.0/gems/test-kitchen-1.5.0/lib/kitchen/config.rb:114:in `instances'
E, [2016-03-16T08:59:54.750252 #13191] ERROR -- Kitchen: /opt/chefdk/embedded/lib/ruby/gems/2.1.0/gems/test-kitchen-1.5.0/lib/kitchen/command.rb:115:in `filtered_instances'
E, [2016-03-16T08:59:54.750274 #13191] ERROR -- Kitchen: /opt/chefdk/embedded/lib/ruby/gems/2.1.0/gems/test-kitchen-1.5.0/lib/kitchen/command.rb:145:in `parse_subcommand'
E, [2016-03-16T08:59:54.750294 #13191] ERROR -- Kitchen: /opt/chefdk/embedded/lib/ruby/gems/2.1.0/gems/test-kitchen-1.5.0/lib/kitchen/command/list.rb:32:in `call'
E, [2016-03-16T08:59:54.750315 #13191] ERROR -- Kitchen: /opt/chefdk/embedded/lib/ruby/gems/2.1.0/gems/test-kitchen-1.5.0/lib/kitchen/cli.rb:56:in `perform'
E, [2016-03-16T08:59:54.750335 #13191] ERROR -- Kitchen: /opt/chefdk/embedded/lib/ruby/gems/2.1.0/gems/test-kitchen-1.5.0/lib/kitchen/cli.rb:116:in `list'
E, [2016-03-16T08:59:54.750356 #13191] ERROR -- Kitchen: /opt/chefdk/embedded/lib/ruby/gems/2.1.0/gems/thor-0.19.1/lib/thor/command.rb:27:in `run'
E, [2016-03-16T08:59:54.750377 #13191] ERROR -- Kitchen: /opt/chefdk/embedded/lib/ruby/gems/2.1.0/gems/thor-0.19.1/lib/thor/invocation.rb:126:in `invoke_command'
E, [2016-03-16T08:59:54.750397 #13191] ERROR -- Kitchen: /opt/chefdk/embedded/lib/ruby/gems/2.1.0/gems/test-kitchen-1.5.0/lib/kitchen/cli.rb:321:in `invoke_task'
E, [2016-03-16T08:59:54.750431 #13191] ERROR -- Kitchen: /opt/chefdk/embedded/lib/ruby/gems/2.1.0/gems/thor-0.19.1/lib/thor.rb:359:in `dispatch'
E, [2016-03-16T08:59:54.750452 #13191] ERROR -- Kitchen: /opt/chefdk/embedded/lib/ruby/gems/2.1.0/gems/thor-0.19.1/lib/thor/base.rb:440:in `start'
E, [2016-03-16T08:59:54.750472 #13191] ERROR -- Kitchen: /opt/chefdk/embedded/lib/ruby/gems/2.1.0/gems/test-kitchen-1.5.0/bin/kitchen:13:in `block in <top (required)>'
E, [2016-03-16T08:59:54.750493 #13191] ERROR -- Kitchen: /opt/chefdk/embedded/lib/ruby/gems/2.1.0/gems/test-kitchen-1.5.0/lib/kitchen/errors.rb:154:in `with_friendly_errors'
E, [2016-03-16T08:59:54.750513 #13191] ERROR -- Kitchen: /opt/chefdk/embedded/lib/ruby/gems/2.1.0/gems/test-kitchen-1.5.0/bin/kitchen:13:in `<top (required)>'
E, [2016-03-16T08:59:54.750534 #13191] ERROR -- Kitchen: /opt/chefdk/bin/kitchen:17:in `load'
E, [2016-03-16T08:59:54.750553 #13191] ERROR -- Kitchen: /opt/chefdk/bin/kitchen:17:in `<main>'
E, [2016-03-16T08:59:54.750573 #13191] ERROR -- Kitchen: ----------------------
